19:58:42.357 [main] INFO  testCases.TC001_AccountRegistrationTest - Providing customer details...
19:58:44.059 [main] INFO  testCases.TC001_AccountRegistrationTest - Validating expected message..
19:58:44.136 [main] INFO  testCases.TC001_AccountRegistrationTest - *****Finished TC001_AccountRegistrationTest *****
19:58:46.530 [main] INFO  testCases.TC002_LoginTest - ***** Starting TC002_LoginTest *****
19:58:46.533 [main] INFO  testCases.TC002_LoginTest - Clicked on Myaccount Link 
19:58:46.917 [main] INFO  testCases.TC002_LoginTest - Clicked on Login Link
19:58:47.252 [main] INFO  testCases.TC002_LoginTest - providing the login email and password in Login Page
19:58:50.624 [main] INFO  testCases.TC002_LoginTest - Below validating expected message
19:58:50.665 [main] INFO  testCases.TC002_LoginTest - *****Finished TC002_LoginTest *****
20:19:15.855 [main] INFO  org.testng.internal.Utils - [TestNG] Running:
  C:\Users\vamsi\Selenium_Workspace\TutorialsNinjaV001\Grid-Docker_Testng.xml

20:19:49.694 [main] INFO  testCases.TC001_AccountRegistrationTest - ***** Starting TC001_AccountRegistrationTest *****
20:19:49.879 [main] INFO  testCases.TC001_AccountRegistrationTest - Clicked on Myaccount Link 
20:19:50.598 [main] INFO  testCases.TC001_AccountRegistrationTest - Clicked on Register Link 
20:19:50.605 [main] INFO  testCases.TC001_AccountRegistrationTest - Providing customer details...
20:19:51.843 [main] INFO  testCases.TC001_AccountRegistrationTest - Validating expected message..
20:19:51.884 [main] INFO  testCases.TC001_AccountRegistrationTest - *****Finished TC001_AccountRegistrationTest *****
20:19:59.625 [main] INFO  testCases.TC002_LoginTest - ***** Starting TC002_LoginTest *****
20:19:59.627 [main] INFO  testCases.TC002_LoginTest - Clicked on Myaccount Link 
20:19:59.769 [main] INFO  testCases.TC002_LoginTest - Clicked on Login Link
20:20:00.084 [main] INFO  testCases.TC002_LoginTest - providing the login email and password in Login Page
20:20:04.002 [main] INFO  testCases.TC002_LoginTest - Below validating expected message
20:20:04.042 [main] INFO  testCases.TC002_LoginTest - *****Finished TC002_LoginTest *****
20:21:24.382 [main] INFO  org.testng.internal.Utils - [TestNG] Running:
  C:\Users\vamsi\Selenium_Workspace\TutorialsNinjaV001\Grid-Docker_Testng.xml

20:21:27.576 [main] INFO  testCases.TC001_AccountRegistrationTest - ***** Starting TC001_AccountRegistrationTest *****
20:21:27.986 [main] INFO  testCases.TC001_AccountRegistrationTest - Clicked on Myaccount Link 
20:21:28.473 [main] INFO  testCases.TC001_AccountRegistrationTest - Clicked on Register Link 
20:21:28.480 [main] INFO  testCases.TC001_AccountRegistrationTest - Providing customer details...
20:21:30.159 [main] INFO  testCases.TC001_AccountRegistrationTest - Validating expected message..
20:21:30.229 [main] INFO  testCases.TC001_AccountRegistrationTest - *****Finished TC001_AccountRegistrationTest *****
20:21:32.356 [main] INFO  testCases.TC002_LoginTest - ***** Starting TC002_LoginTest *****
20:21:32.358 [main] INFO  testCases.TC002_LoginTest - Clicked on Myaccount Link 
20:21:32.845 [main] INFO  testCases.TC002_LoginTest - Clicked on Login Link
20:21:33.164 [main] INFO  testCases.TC002_LoginTest - providing the login email and password in Login Page
20:21:36.480 [main] INFO  testCases.TC002_LoginTest - Below validating expected message
20:21:36.539 [main] INFO  testCases.TC002_LoginTest - *****Finished TC002_LoginTest *****
20:25:27.238 [main] INFO  org.testng.internal.Utils - [TestNG] Running:
  C:\Users\vamsi\Selenium_Workspace\TutorialsNinjaV001\Grid-Docker_Testng.xml

20:25:30.315 [main] INFO  testCases.TC001_AccountRegistrationTest - ***** Starting TC001_AccountRegistrationTest *****
20:25:30.587 [main] INFO  testCases.TC001_AccountRegistrationTest - Clicked on Myaccount Link 
20:25:31.177 [main] INFO  testCases.TC001_AccountRegistrationTest - Clicked on Register Link 
20:25:31.183 [main] INFO  testCases.TC001_AccountRegistrationTest - Providing customer details...
20:25:32.870 [main] INFO  testCases.TC001_AccountRegistrationTest - Validating expected message..
20:25:32.928 [main] INFO  testCases.TC001_AccountRegistrationTest - *****Finished TC001_AccountRegistrationTest *****
20:25:35.172 [main] INFO  testCases.TC002_LoginTest - ***** Starting TC002_LoginTest *****
20:25:35.173 [main] INFO  testCases.TC002_LoginTest - Clicked on Myaccount Link 
20:25:35.596 [main] INFO  testCases.TC002_LoginTest - Clicked on Login Link
20:25:36.034 [main] INFO  testCases.TC002_LoginTest - providing the login email and password in Login Page
20:25:39.371 [main] INFO  testCases.TC002_LoginTest - Below validating expected message
20:25:39.434 [main] INFO  testCases.TC002_LoginTest - *****Finished TC002_LoginTest *****
20:25:46.723 [main] INFO  testCases.TC001_AccountRegistrationTest - ***** Starting TC001_AccountRegistrationTest *****
20:25:46.860 [main] INFO  testCases.TC001_AccountRegistrationTest - Clicked on Myaccount Link 
